[    0.0s] sieving lambda up to N=180000001 ...
[   12.6s] sieve done
anchor: sum F(m), m<=1e6  = 236   (prospecting claimed 236)
full:   sum F(m), m<=X=3e+07 = 3918   sqrt(X) = 5477
[   12.7s] scanning 3243 prime moduli d <= 30000

--- (i) normalized r(d) = |E(d)|/sqrt(2X/d), dyadic bins ---
  d in [     5,    10): n=    2  mean=0.896  median=0.896  q95=0.923  max=0.925
  d in [    10,    20): n=    4  mean=1.038  median=0.778  q95=1.835  max=2.013
  d in [    20,    40): n=    4  mean=0.724  median=0.639  q95=1.404  max=1.486
  d in [    40,    80): n=   10  mean=0.675  median=0.536  q95=1.731  max=2.012
  d in [    80,   160): n=   15  mean=0.827  median=0.821  q95=1.535  max=1.948
  d in [   160,   320): n=   29  mean=0.865  median=0.591  q95=1.971  max=2.993
  d in [   320,   640): n=   49  mean=0.807  median=0.833  q95=1.789  max=2.110
  d in [   640,  1280): n=   92  mean=0.900  median=0.709  q95=2.431  max=3.284
  d in [  1280,  2560): n=  168  mean=0.747  median=0.633  q95=1.876  max=2.607
  d in [  2560,  5120): n=  310  mean=0.832  median=0.733  q95=2.008  max=3.343
  d in [  5120, 10240): n=  569  mean=0.800  median=0.679  q95=1.858  max=3.106
  d in [ 10240, 20480): n= 1058  mean=0.825  median=0.704  q95=2.001  max=3.272
  d in [ 20480, 30001): n=  933  mean=0.794  median=0.685  q95=1.974  max=3.275

--- (ii) conjugate-root correlation ---
  Pearson corr(S+, S-) over d: +0.1418
  Pearson corr of fluctuations E+(d), E-(d): +0.0703

--- (iii) toy opened sieve: T(D) = sum_(3<d<=D) mu(d)(S+ + S-) ---
  D=   100: T(D)=      -11262  |T|/X=0.000375  sqrt-scale/X=0.000254
  D=   300: T(D)=      -19763  |T|/X=0.000659  sqrt-scale/X=0.000280
  D=  1000: T(D)=      -23290  |T|/X=0.000776  sqrt-scale/X=0.000302
  D=  3000: T(D)=      -24185  |T|/X=0.000806  sqrt-scale/X=0.000317
  D= 10000: T(D)=      -26555  |T|/X=0.000885  sqrt-scale/X=0.000332
  D= 30000: T(D)=      -20484  |T|/X=0.000683  sqrt-scale/X=0.000343

[   13.3s] done
