PROBE W3-2: SP-subtracted LFU residual  (H=100000, NWIN=60, x in [5e+07,1e+08])
z list [700, 1000, 2000, 5000] (all above Omega<=2 dichotomy z* ~ 464)
Farey fractions q<=48: 711; random alphas per window: 40; deltas for Arm C: ['0.5/H', '2/H']
NOTE: Arm A (pre-registered, exact rationals) is an algebraic identity on Omega<=2 windows -- see module docstring; its run documents the identity at machine precision.
[    0.8s] 60 windows sieved

=== z=700  (windows 60, mean |R| = 8605, mean prime fraction in R = 0.641) ===
  q95 |F| rationals 3.399   q95 |F| random 1.697   rho(wave-2 style) = 2.003
  Arm A (PRE-REG, per-class model, exact rationals): rho_resid = 0.000e+00   max|F-M'|/sqrtR = 0.000e+00   [identity: expected 0]
  Arm B (suppl., global model, exact rationals):     rho_resid = 0.921
  Arm C (suppl., per-class model, a/q + 0.5/H):     rho_resid = 0.747
  Arm C (suppl., per-class model, a/q + 2/H):     rho_resid = 0.989
  [    2.3s]

=== z=1000  (windows 60, mean |R| = 8153, mean prime fraction in R = 0.676) ===
  q95 |F| rationals 3.985   q95 |F| random 1.685   rho(wave-2 style) = 2.365
  Arm A (PRE-REG, per-class model, exact rationals): rho_resid = 0.000e+00   max|F-M'|/sqrtR = 0.000e+00   [identity: expected 0]
  Arm B (suppl., global model, exact rationals):     rho_resid = 0.914
  Arm C (suppl., per-class model, a/q + 0.5/H):     rho_resid = 0.741
  Arm C (suppl., per-class model, a/q + 2/H):     rho_resid = 0.968
  [    3.8s]

=== z=2000  (windows 60, mean |R| = 7285, mean prime fraction in R = 0.757) ===
  q95 |F| rationals 5.320   q95 |F| random 1.651   rho(wave-2 style) = 3.221
  Arm A (PRE-REG, per-class model, exact rationals): rho_resid = 0.000e+00   max|F-M'|/sqrtR = 0.000e+00   [identity: expected 0]
  Arm B (suppl., global model, exact rationals):     rho_resid = 0.865
  Arm C (suppl., per-class model, a/q + 0.5/H):     rho_resid = 0.703
  Arm C (suppl., per-class model, a/q + 2/H):     rho_resid = 0.901
  [    5.1s]

=== z=5000  (windows 60, mean |R| = 6163, mean prime fraction in R = 0.895) ===
  q95 |F| rationals 7.475   q95 |F| random 1.596   rho(wave-2 style) = 4.683
  Arm A (PRE-REG, per-class model, exact rationals): rho_resid = 0.000e+00   max|F-M'|/sqrtR = 0.000e+00   [identity: expected 0]
  Arm B (suppl., global model, exact rationals):     rho_resid = 0.649
  Arm C (suppl., per-class model, a/q + 0.5/H):     rho_resid = 0.524
  Arm C (suppl., per-class model, a/q + 2/H):     rho_resid = 0.675
  [    6.3s]

=== SUMMARY TABLE ===
   z    mean|R|  pfrac  rho_w2   rhoA(prereg)  rhoB(glob)  rhoC(0.5/H)  rhoC(2/H)   maxdevA
   700     8605  0.641   2.003      0.000e+00       0.921        0.747        0.989  0.000e+00
  1000     8153  0.676   2.365      0.000e+00       0.914        0.741        0.968  0.000e+00
  2000     7285  0.757   3.221      0.000e+00       0.865        0.703        0.901  0.000e+00
  5000     6163  0.895   4.683      0.000e+00       0.649        0.524        0.675  0.000e+00

=== PRE-REGISTERED VERDICT (Arm A, mechanical) ===
  rho_resid <= 1.35 at every z : True  (['0.00e+00', '0.00e+00', '0.00e+00', '0.00e+00'])
  rho_resid >= 3 at >= 3 of 4 z (kill) : False
  VERDICT: SIGNAL
  HONESTY FLAG: Arm A residual is zero by an algebraic identity on Omega<=2 windows (F(a/q) = M'(a/q) exactly, since e(n a/q) is constant on classes mod q). The pre-registered 'signal' is therefore VACUOUS as an empirical finding: it holds as a theorem, in the strongest possible form (residual exactly 0, not merely <= 1.35). Empirical content lives in the supplementary Arms B and C above, which carry NO pre-registered verdict.
[    6.3s] done

=== POST-HOC ADDENDUM (not pre-registered; noise-floor calibration) ===
The Arm B/C residual sums have per-point weights -2*(1_prime - pbar)
(Arm B) resp. per-class-centered indicators (Arm C), with Bernoulli
variance 4*pbar*(1-pbar) instead of lambda's variance 1.  Dividing the
raw rho by s = sqrt(4*pbar*(1-pbar)) compares each residual to the
random-noise floor OF ITS OWN VARIANCE:
   z    pfrac      s   rhoB/s  rhoC(0.5/H)/s  rhoC(2/H)/s
   700  0.641  0.959   0.960          0.779        1.031
  1000  0.676  0.936   0.976          0.792        1.034
  2000  0.757  0.858   1.008          0.820        1.050
  5000  0.895  0.613   1.059          0.855        1.101
All variance-adjusted ratios lie in 0.78-1.10 at every z, with no
z-trend above 1: after subtracting per-class (or even class-blind
global) S-P counting, the rational-point residual is statistically
indistinguishable from generic-alpha noise of the same variance.
(Arm C at delta=0.5/H sits slightly BELOW 1 because the per-class
model fits q class means and so absorbs part of the noise.)
