OK Step00GapBracket4143 exit=0 wall=13,4s at 2026-07-10T18:47:04
OK Part01 exit=0 wall=45,2s at 2026-07-10T18:47:50
OK Part02 exit=0 wall=49,3s at 2026-07-10T18:48:39
OK Part03 exit=0 wall=48,6s at 2026-07-10T18:49:27
OK Part04 exit=0 wall=44,7s at 2026-07-10T18:50:12
OK Part05 exit=0 wall=48,1s at 2026-07-10T18:51:00
OK Part06 exit=0 wall=46,4s at 2026-07-10T18:51:47
OK Part07 exit=0 wall=44,2s at 2026-07-10T18:52:31
OK Part08 exit=0 wall=46,6s at 2026-07-10T18:53:17
OK Part09 exit=0 wall=46,1s at 2026-07-10T18:54:03
OK Part10 exit=0 wall=47,6s at 2026-07-10T18:54:51
OK Part11 exit=0 wall=47,6s at 2026-07-10T18:55:39
OK Part12 exit=0 wall=47,7s at 2026-07-10T18:56:26
OK Part13 exit=0 wall=46,3s at 2026-07-10T18:57:13
OK Part14 exit=0 wall=45,6s at 2026-07-10T18:57:58
OK Part15 exit=0 wall=45,9s at 2026-07-10T18:58:44
OK Part16 exit=0 wall=44,5s at 2026-07-10T18:59:29
OK Part17 exit=0 wall=46,1s at 2026-07-10T19:00:15
OK Part18 exit=0 wall=46,6s at 2026-07-10T19:01:01
OK Part19 exit=0 wall=45,3s at 2026-07-10T19:01:47
OK Part20 exit=0 wall=47s at 2026-07-10T19:02:34
OK Part21 exit=0 wall=44,3s at 2026-07-10T19:03:18
OK Part22 exit=0 wall=43,3s at 2026-07-10T19:04:01
OK Part23 exit=0 wall=44,4s at 2026-07-10T19:04:46
OK Part24 exit=0 wall=42,7s at 2026-07-10T19:05:28
OK Part25 exit=0 wall=22,9s at 2026-07-10T19:05:51
OK Step00Sharp41 exit=0 wall=13,4s at 2026-07-10T19:06:05
DONE ladder at 2026-07-10T19:06:05
