==============================================================================
SHORT SURVIVOR HARNESS -- Line C recon (the exact shape of the scale wall)
==============================================================================
------------------------------------------------------------------------------
PART 1 -- short-window survivor counts N_short(M0) over a log grid
------------------------------------------------------------------------------
A(M0) = smallest prime with A^2 > 6(M0+1); window (M0, (A^2-1)/6];
dens = prod_{5<=q<=A}(1-2/q); pred = |W| * dens; c_i = N * ln^2(A)/|W|

        M0      A      |W|  N_short      pred  N/pred  dens*ln^2A     c_i
       100     29       40        6      7.96   0.753      2.2578  1.7008
       147     31       13        0      2.42   0.000      2.1966  0.0000
       215     37       13        2      2.29   0.873      2.2975  2.0060
       316     47       52        9      7.96   1.131      2.2682  2.5656
       464     53        4        2      0.59   3.396      2.3210  7.8816
       681     67       67       11      8.94   1.230      2.3598  2.9026
      1000     79       40        3      4.92   0.610      2.3477  1.4319
      1468     97      100       10     11.49   0.870      2.4044  2.0928
      2154    127      534       40     54.92   0.728      2.4135  1.7578
      3162    139       58        4      5.71   0.701      2.3951  1.6792
      4642    167        6        0      0.55   0.000      2.4166  0.0000
      6813    211      607       42     51.45   0.816      2.4278  1.9818
     10000    251      500       24     39.91   0.601      2.4372  1.4655
     14678    307     1030       64     77.03   0.831      2.4529  2.0379
     21544    367      904       51     63.71   0.801      2.4576  1.9674
     31623    439      497       29     33.00   0.879      2.4585  2.1602
     46416    541     2364      119    147.55   0.807      2.4720  1.9938
     68129    641      351       17     20.75   0.819      2.4697  2.0231
    100000    787     3228      145    179.35   0.808      2.4705  1.9974
    146780    941      800       33     42.24   0.781      2.4753  1.9338
    215443   1151     5357      223    267.00   0.835      2.4761  2.0681
    316228   1381     1632       50     77.44   0.646      2.4807  1.6017
    464159   1669      101        3      4.54   0.661      2.4727  1.6353
    681292   2027     3496      121    149.73   0.808      2.4831  2.0067
   1000000   2459     7780      265    316.69   0.837      2.4813  2.0763
   1467799   2969     1361       35     52.85   0.662      2.4828  1.6442
   2154435   3607    13973      400    518.15   0.772      2.4877  1.9205
   3162278   4357     1630       42     57.73   0.727      2.4870  1.8093
   4641589   5279     3051       82    103.44   0.793      2.4910  1.9746
   6812921   6397     7347      168    237.91   0.706      2.4869  1.7562
  10000000   7753    18168      438    564.06   0.777      2.4902  1.9337

least-squares fit N_short ~ c * |W| / ln^2(A):  c = 1.9472
grid points with N_short = 0: 2 / 31   <-- ZERO WINDOWS EXIST, detail below
  zero window at M0=147 (A=31, hi=160): first twin above M0 is m=170 (pair 1019,1021), missed by 10 centers; needed A'=37 (1 primes up the escalation)
  zero window at M0=4642 (A=167, hi=4648): first twin above M0 is m=4653 (pair 27917,27919), missed by 5 centers; needed A'=173 (1 primes up the escalation)

------------------------------------------------------------------------------
PART 2a -- largest empirical clean-gap, centers m <= 1e+07
------------------------------------------------------------------------------
    A    #clean   density  CRT dens  max gap      at m     A^2/6    P_A (period)
   13   2967034   0.29670   0.29670       11       122      28.2       5.005e+03   [0.0s]
   31   1862713   0.18627   0.18627       42    254735     160.2       3.343e+10   [0.0s]
  101   1125389   0.11254   0.11262       87   2534273    1700.2       3.881e+37   [0.0s]
  331    736363   0.07364   0.07293      154     31318   18260.2      1.068e+132   [0.0s]
note: for A = 101, 331 the period P_A >> 10^7, so these gaps are
LOWER bounds on the true worst case G(A); for A = 13 the scan covers
~2000 full periods, so it must reproduce the exact G(13) below.

------------------------------------------------------------------------------
PART 2b -- EXACT worst-case clean gap G(A) over one full period P_A
------------------------------------------------------------------------------
   A         P_A  #clean/P   G(A)    gap at    A^2/6  G<=A^2/6  G/(A^2/6)  c=G/ln^2 P  k=G/(e^g lnA)^2
   5           5   0.60000      2         0     4.17       YES      0.480      0.7721            0.243   [0.0s]
   7          35   0.42857      5        12     8.17       YES      0.612      0.3956            0.416   [0.0s]
  11         385   0.35065      7       150    20.17       YES      0.347      0.1975            0.384   [0.0s]
  13        5005   0.29670     11       122    28.17       YES      0.391      0.1516            0.527   [0.0s]
  17       85085   0.26180     18       117    48.17       YES      0.374      0.1397            0.707   [0.0s]
  19     1616615   0.23424     25       110    60.17       YES      0.416      0.1223            0.909   [0.0s]
  23    37182145   0.21387     34  12694428    88.17       YES      0.386      0.1119            1.090   [0.1s]

cross-check: empirical max gap at A=13 over 10^7 = 11, exact G(13) = 11 -> MATCH

*** EXACT-CANDIDATE: G(A) <= A^2/6 holds for EVERY tested A in [5, 7, 11, 13, 17, 19, 23] ***
*** i.e. every window of A^2/6 consecutive centers contains a Clean(A,.) center -- a kernel-checkable exact law per fixed A. ***
*** CAVEAT (scale wall): fixed-A version + ShortSurvivor only yields twins below A^2/6, a finite range; the escalation in A is the actual wall. ***

------------------------------------------------------------------------------
PART 3 -- primorial-anchor honesty: log(P_A) vs log(A^2)
------------------------------------------------------------------------------
    A   log P_A   log A^2   ratio   P_A / (A^2/6)
    5     1.609     3.219    0.50          10^0.1
    7     3.555     3.892    0.91          10^0.6
   11     5.953     4.796    1.24          10^1.3
   13     8.518     5.130    1.66          10^2.2
   17    11.351     5.666    2.00          10^3.2
   19    14.296     5.889    2.43          10^4.4
   23    17.431     6.271    2.78          10^5.6
   29    20.799     6.735    3.09          10^6.9
   31    24.233     6.868    3.53          10^8.3
   41    31.557     7.427    4.25         10^11.3
   53    43.139     7.941    5.43         10^16.1
   71    59.795     8.525    7.01         10^23.0
  101    86.552     9.230    9.38         10^34.4
  131   114.997     9.750   11.79         10^46.5
  173   155.294    10.307   15.07         10^63.7
  229   208.389    10.867   19.18         10^86.6
  283   269.553    11.291   23.87        10^112.9
  331   304.007    11.604   26.20        10^127.8

honest sentence: the primorial clean anchor lives at height ~P_A,
exponentially (factor ~10^(theta(A)/ln 10)) above the A^2/6 ceiling that
the short-window lemma needs -- the anchor can never feed Line C directly.

done in 0.2s.
